# JRE version: OpenJDK Runtime Environment Temurin-22.0.2+9 (22.0.2+9) (build 22.0.2+9)
# Java VM: OpenJDK 64-Bit Server VM Temurin-22.0.2+9 (22.0.2+9, mixed mode, tiered, compressed oops, compressed class ptrs, g1 gc, bsd-amd64)
Heap:
 garbage-first heap   total reserved 4194304K, committed 262144K, used 178141K [0x0000000700000000, 0x0000000800000000)
  region size 2048K, 72 young (147456K), 1 survivors (2048K)
 Metaspace       used 17125K, committed 17408K, reserved 1114112K
  class space    used 1715K, committed 1856K, reserved 1048576K
GC Heap History (20 events):
Event: 15612.330 GC heap before
{Heap before GC invocations=4897 (full 0):
 garbage-first heap   total reserved 4194304K, committed 262144K, used 186333K [0x0000000700000000, 0x0000000800000000)
  region size 2048K, 76 young (155648K), 1 survivors (2048K)
 Metaspace       used 17125K, committed 17408K, reserved 1114112K
  class space    used 1715K, committed 1856K, reserved 1048576K
}
Event: 15612.331 GC heap after
{Heap after GC invocations=4898 (full 0):
 garbage-first heap   total reserved 4194304K, committed 262144K, used 32734K [0x0000000700000000, 0x0000000800000000)
  region size 2048K, 1 young (2048K), 1 survivors (2048K)
 Metaspace       used 17125K, committed 17408K, reserved 1114112K
  class space    used 1715K, committed 1856K, reserved 1048576K
}
Event: 15616.005 GC heap before
{Heap before GC invocations=4898 (full 0):
 garbage-first heap   total reserved 4194304K, committed 262144K, used 186334K [0x0000000700000000, 0x0000000800000000)
  region size 2048K, 76 young (155648K), 1 survivors (2048K)
 Metaspace       used 17125K, committed 17408K, reserved 1114112K
  class space    used 1715K, committed 1856K, reserved 1048576K
}
Event: 15616.006 GC heap after
{Heap after GC invocations=4899 (full 0):
 garbage-first heap   total reserved 4194304K, committed 262144K, used 32730K [0x0000000700000000, 0x0000000800000000)
  region size 2048K, 1 young (2048K), 1 survivors (2048K)
 Metaspace       used 17125K, committed 17408K, reserved 1114112K
  class space    used 1715K, committed 1856K, reserved 1048576K
}
Event: 15619.384 GC heap before
{Heap before GC invocations=4899 (full 0):
 garbage-first heap   total reserved 4194304K, committed 262144K, used 186330K [0x0000000700000000, 0x0000000800000000)
  region size 2048K, 76 young (155648K), 1 survivors (2048K)
 Metaspace       used 17125K, committed 17408K, reserved 1114112K
  class space    used 1715K, committed 1856K, reserved 1048576K
}
Event: 15619.385 GC heap after
{Heap after GC invocations=4900 (full 0):
 garbage-first heap   total reserved 4194304K, committed 262144K, used 32732K [0x0000000700000000, 0x0000000800000000)
  region size 2048K, 1 young (2048K), 1 survivors (2048K)
 Metaspace       used 17125K, committed 17408K, reserved 1114112K
  class space    used 1715K, committed 1856K, reserved 1048576K
}
Event: 15623.152 GC heap before
{Heap before GC invocations=4900 (full 0):
 garbage-first heap   total reserved 4194304K, committed 262144K, used 186332K [0x0000000700000000, 0x0000000800000000)
  region size 2048K, 76 young (155648K), 1 survivors (2048K)
 Metaspace       used 17125K, committed 17408K, reserved 1114112K
  class space    used 1715K, committed 1856K, reserved 1048576K
}
Event: 15623.153 GC heap after
{Heap after GC invocations=4901 (full 0):
 garbage-first heap   total reserved 4194304K, committed 262144K, used 32735K [0x0000000700000000, 0x0000000800000000)
  region size 2048K, 1 young (2048K), 1 survivors (2048K)
 Metaspace       used 17125K, committed 17408K, reserved 1114112K
  class space    used 1715K, committed 1856K, reserved 1048576K
}
Event: 15626.567 GC heap before
{Heap before GC invocations=4901 (full 0):
 garbage-first heap   total reserved 4194304K, committed 262144K, used 186335K [0x0000000700000000, 0x0000000800000000)
  region size 2048K, 76 young (155648K), 1 survivors (2048K)
 Metaspace       used 17125K, committed 17408K, reserved 1114112K
  class space    used 1715K, committed 1856K, reserved 1048576K
}
Event: 15626.573 GC heap after
{Heap after GC invocations=4902 (full 0):
 garbage-first heap   total reserved 4194304K, committed 262144K, used 32730K [0x0000000700000000, 0x0000000800000000)
  region size 2048K, 1 young (2048K), 1 survivors (2048K)
 Metaspace       used 17125K, committed 17408K, reserved 1114112K
  class space    used 1715K, committed 1856K, reserved 1048576K
}
Event: 15630.075 GC heap before
{Heap before GC invocations=4902 (full 0):
 garbage-first heap   total reserved 4194304K, committed 262144K, used 186330K [0x0000000700000000, 0x0000000800000000)
  region size 2048K, 76 young (155648K), 1 survivors (2048K)
 Metaspace       used 17125K, committed 17408K, reserved 1114112K
  class space    used 1715K, committed 1856K, reserved 1048576K
}
Event: 15630.076 GC heap after
{Heap after GC invocations=4903 (full 0):
 garbage-first heap   total reserved 4194304K, committed 262144K, used 32732K [0x0000000700000000, 0x0000000800000000)
  region size 2048K, 1 young (2048K), 1 survivors (2048K)
 Metaspace       used 17125K, committed 17408K, reserved 1114112K
  class space    used 1715K, committed 1856K, reserved 1048576K
}
Event: 15633.865 GC heap before
{Heap before GC invocations=4903 (full 0):
 garbage-first heap   total reserved 4194304K, committed 262144K, used 186332K [0x0000000700000000, 0x0000000800000000)
  region size 2048K, 76 young (155648K), 1 survivors (2048K)
 Metaspace       used 17125K, committed 17408K, reserved 1114112K
  class space    used 1715K, committed 1856K, reserved 1048576K
}
Event: 15633.866 GC heap after
{Heap after GC invocations=4904 (full 0):
 garbage-first heap   total reserved 4194304K, committed 262144K, used 32734K [0x0000000700000000, 0x0000000800000000)
  region size 2048K, 1 young (2048K), 1 survivors (2048K)
 Metaspace       used 17125K, committed 17408K, reserved 1114112K
  class space    used 1715K, committed 1856K, reserved 1048576K
}
Event: 15637.255 GC heap before
{Heap before GC invocations=4904 (full 0):
 garbage-first heap   total reserved 4194304K, committed 262144K, used 186334K [0x0000000700000000, 0x0000000800000000)
  region size 2048K, 76 young (155648K), 1 survivors (2048K)
 Metaspace       used 17125K, committed 17408K, reserved 1114112K
  class space    used 1715K, committed 1856K, reserved 1048576K
}
Event: 15637.256 GC heap after
{Heap after GC invocations=4905 (full 0):
 garbage-first heap   total reserved 4194304K, committed 262144K, used 32732K [0x0000000700000000, 0x0000000800000000)
  region size 2048K, 1 young (2048K), 1 survivors (2048K)
 Metaspace       used 17125K, committed 17408K, reserved 1114112K
  class space    used 1715K, committed 1856K, reserved 1048576K
}
Event: 15641.139 GC heap before
{Heap before GC invocations=4905 (full 0):
 garbage-first heap   total reserved 4194304K, committed 262144K, used 186332K [0x0000000700000000, 0x0000000800000000)
  region size 2048K, 76 young (155648K), 1 survivors (2048K)
 Metaspace       used 17125K, committed 17408K, reserved 1114112K
  class space    used 1715K, committed 1856K, reserved 1048576K
}
Event: 15641.140 GC heap after
{Heap after GC invocations=4906 (full 0):
 garbage-first heap   total reserved 4194304K, committed 262144K, used 32730K [0x0000000700000000, 0x0000000800000000)
  region size 2048K, 1 young (2048K), 1 survivors (2048K)
 Metaspace       used 17125K, committed 17408K, reserved 1114112K
  class space    used 1715K, committed 1856K, reserved 1048576K
}
Event: 15644.498 GC heap before
{Heap before GC invocations=4906 (full 0):
 garbage-first heap   total reserved 4194304K, committed 262144K, used 186330K [0x0000000700000000, 0x0000000800000000)
  region size 2048K, 76 young (155648K), 1 survivors (2048K)
 Metaspace       used 17125K, committed 17408K, reserved 1114112K
  class space    used 1715K, committed 1856K, reserved 1048576K
}
Event: 15644.499 GC heap after
{Heap after GC invocations=4907 (full 0):
 garbage-first heap   total reserved 4194304K, committed 262144K, used 32733K [0x0000000700000000, 0x0000000800000000)
  region size 2048K, 1 young (2048K), 1 survivors (2048K)
 Metaspace       used 17125K, committed 17408K, reserved 1114112K
  class space    used 1715K, committed 1856K, reserved 1048576K
}

