# JRE version: OpenJDK Runtime Environment Temurin-22.0.2+9 (22.0.2+9) (build 22.0.2+9)
# Java VM: OpenJDK 64-Bit Server VM Temurin-22.0.2+9 (22.0.2+9, mixed mode, tiered, compressed oops, compressed class ptrs, g1 gc, bsd-amd64)
Heap:
 garbage-first heap   total reserved 4194304K, committed 262144K, used 19202K [0x0000000700000000, 0x0000000800000000)
  region size 2048K, 3 young (6144K), 1 survivors (2048K)
 Metaspace       used 14036K, committed 14336K, reserved 1114112K
  class space    used 1335K, committed 1472K, reserved 1048576K
GC Heap History (20 events):
Event: 4217.108 GC heap before
{Heap before GC invocations=1386 (full 0):
 garbage-first heap   total reserved 4194304K, committed 262144K, used 168710K [0x0000000700000000, 0x0000000800000000)
  region size 2048K, 76 young (155648K), 1 survivors (2048K)
 Metaspace       used 14036K, committed 14336K, reserved 1114112K
  class space    used 1335K, committed 1472K, reserved 1048576K
}
Event: 4217.109 GC heap after
{Heap after GC invocations=1387 (full 0):
 garbage-first heap   total reserved 4194304K, committed 262144K, used 15106K [0x0000000700000000, 0x0000000800000000)
  region size 2048K, 1 young (2048K), 1 survivors (2048K)
 Metaspace       used 14036K, committed 14336K, reserved 1114112K
  class space    used 1335K, committed 1472K, reserved 1048576K
}
Event: 4220.244 GC heap before
{Heap before GC invocations=1387 (full 0):
 garbage-first heap   total reserved 4194304K, committed 262144K, used 168706K [0x0000000700000000, 0x0000000800000000)
  region size 2048K, 76 young (155648K), 1 survivors (2048K)
 Metaspace       used 14036K, committed 14336K, reserved 1114112K
  class space    used 1335K, committed 1472K, reserved 1048576K
}
Event: 4220.245 GC heap after
{Heap after GC invocations=1388 (full 0):
 garbage-first heap   total reserved 4194304K, committed 262144K, used 15106K [0x0000000700000000, 0x0000000800000000)
  region size 2048K, 1 young (2048K), 1 survivors (2048K)
 Metaspace       used 14036K, committed 14336K, reserved 1114112K
  class space    used 1335K, committed 1472K, reserved 1048576K
}
Event: 4223.798 GC heap before
{Heap before GC invocations=1388 (full 0):
 garbage-first heap   total reserved 4194304K, committed 262144K, used 168706K [0x0000000700000000, 0x0000000800000000)
  region size 2048K, 76 young (155648K), 1 survivors (2048K)
 Metaspace       used 14036K, committed 14336K, reserved 1114112K
  class space    used 1335K, committed 1472K, reserved 1048576K
}
Event: 4223.799 GC heap after
{Heap after GC invocations=1389 (full 0):
 garbage-first heap   total reserved 4194304K, committed 262144K, used 15109K [0x0000000700000000, 0x0000000800000000)
  region size 2048K, 1 young (2048K), 1 survivors (2048K)
 Metaspace       used 14036K, committed 14336K, reserved 1114112K
  class space    used 1335K, committed 1472K, reserved 1048576K
}
Event: 4226.951 GC heap before
{Heap before GC invocations=1389 (full 0):
 garbage-first heap   total reserved 4194304K, committed 262144K, used 168709K [0x0000000700000000, 0x0000000800000000)
  region size 2048K, 76 young (155648K), 1 survivors (2048K)
 Metaspace       used 14036K, committed 14336K, reserved 1114112K
  class space    used 1335K, committed 1472K, reserved 1048576K
}
Event: 4226.951 GC heap after
{Heap after GC invocations=1390 (full 0):
 garbage-first heap   total reserved 4194304K, committed 262144K, used 15108K [0x0000000700000000, 0x0000000800000000)
  region size 2048K, 1 young (2048K), 1 survivors (2048K)
 Metaspace       used 14036K, committed 14336K, reserved 1114112K
  class space    used 1335K, committed 1472K, reserved 1048576K
}
Event: 4230.051 GC heap before
{Heap before GC invocations=1390 (full 0):
 garbage-first heap   total reserved 4194304K, committed 262144K, used 168708K [0x0000000700000000, 0x0000000800000000)
  region size 2048K, 76 young (155648K), 1 survivors (2048K)
 Metaspace       used 14036K, committed 14336K, reserved 1114112K
  class space    used 1335K, committed 1472K, reserved 1048576K
}
Event: 4230.052 GC heap after
{Heap after GC invocations=1391 (full 0):
 garbage-first heap   total reserved 4194304K, committed 262144K, used 15108K [0x0000000700000000, 0x0000000800000000)
  region size 2048K, 1 young (2048K), 1 survivors (2048K)
 Metaspace       used 14036K, committed 14336K, reserved 1114112K
  class space    used 1335K, committed 1472K, reserved 1048576K
}
Event: 4233.606 GC heap before
{Heap before GC invocations=1391 (full 0):
 garbage-first heap   total reserved 4194304K, committed 262144K, used 168708K [0x0000000700000000, 0x0000000800000000)
  region size 2048K, 76 young (155648K), 1 survivors (2048K)
 Metaspace       used 14036K, committed 14336K, reserved 1114112K
  class space    used 1335K, committed 1472K, reserved 1048576K
}
Event: 4233.606 GC heap after
{Heap after GC invocations=1392 (full 0):
 garbage-first heap   total reserved 4194304K, committed 262144K, used 15108K [0x0000000700000000, 0x0000000800000000)
  region size 2048K, 1 young (2048K), 1 survivors (2048K)
 Metaspace       used 14036K, committed 14336K, reserved 1114112K
  class space    used 1335K, committed 1472K, reserved 1048576K
}
Event: 4236.708 GC heap before
{Heap before GC invocations=1392 (full 0):
 garbage-first heap   total reserved 4194304K, committed 262144K, used 168708K [0x0000000700000000, 0x0000000800000000)
  region size 2048K, 76 young (155648K), 1 survivors (2048K)
 Metaspace       used 14036K, committed 14336K, reserved 1114112K
  class space    used 1335K, committed 1472K, reserved 1048576K
}
Event: 4236.709 GC heap after
{Heap after GC invocations=1393 (full 0):
 garbage-first heap   total reserved 4194304K, committed 262144K, used 15109K [0x0000000700000000, 0x0000000800000000)
  region size 2048K, 1 young (2048K), 1 survivors (2048K)
 Metaspace       used 14036K, committed 14336K, reserved 1114112K
  class space    used 1335K, committed 1472K, reserved 1048576K
}
Event: 4240.253 GC heap before
{Heap before GC invocations=1393 (full 0):
 garbage-first heap   total reserved 4194304K, committed 262144K, used 168709K [0x0000000700000000, 0x0000000800000000)
  region size 2048K, 76 young (155648K), 1 survivors (2048K)
 Metaspace       used 14036K, committed 14336K, reserved 1114112K
  class space    used 1335K, committed 1472K, reserved 1048576K
}
Event: 4240.253 GC heap after
{Heap after GC invocations=1394 (full 0):
 garbage-first heap   total reserved 4194304K, committed 262144K, used 15108K [0x0000000700000000, 0x0000000800000000)
  region size 2048K, 1 young (2048K), 1 survivors (2048K)
 Metaspace       used 14036K, committed 14336K, reserved 1114112K
  class space    used 1335K, committed 1472K, reserved 1048576K
}
Event: 4243.415 GC heap before
{Heap before GC invocations=1394 (full 0):
 garbage-first heap   total reserved 4194304K, committed 262144K, used 168708K [0x0000000700000000, 0x0000000800000000)
  region size 2048K, 76 young (155648K), 1 survivors (2048K)
 Metaspace       used 14036K, committed 14336K, reserved 1114112K
  class space    used 1335K, committed 1472K, reserved 1048576K
}
Event: 4243.416 GC heap after
{Heap after GC invocations=1395 (full 0):
 garbage-first heap   total reserved 4194304K, committed 262144K, used 15108K [0x0000000700000000, 0x0000000800000000)
  region size 2048K, 1 young (2048K), 1 survivors (2048K)
 Metaspace       used 14036K, committed 14336K, reserved 1114112K
  class space    used 1335K, committed 1472K, reserved 1048576K
}
Event: 4246.518 GC heap before
{Heap before GC invocations=1395 (full 0):
 garbage-first heap   total reserved 4194304K, committed 262144K, used 168708K [0x0000000700000000, 0x0000000800000000)
  region size 2048K, 76 young (155648K), 1 survivors (2048K)
 Metaspace       used 14036K, committed 14336K, reserved 1114112K
  class space    used 1335K, committed 1472K, reserved 1048576K
}
Event: 4246.518 GC heap after
{Heap after GC invocations=1396 (full 0):
 garbage-first heap   total reserved 4194304K, committed 262144K, used 15106K [0x0000000700000000, 0x0000000800000000)
  region size 2048K, 1 young (2048K), 1 survivors (2048K)
 Metaspace       used 14036K, committed 14336K, reserved 1114112K
  class space    used 1335K, committed 1472K, reserved 1048576K
}

